<?xml version="1.0" encoding="UTF-8"?>
<testsuite xmlns:xsi="http://www.w3.org/2001/XMLSchema-instance" xsi:noNamespaceSchemaLocation="https://maven.apache.org/surefire/maven-surefire-plugin/xsd/surefire-test-report-3.0.xsd" version="3.0" name="com.futurexskills.custom.processors.DecryptionBinaryFiles.DecryptionBinaryFilesTest" time="0.448" tests="1" errors="0" skipped="0" failures="0">
  <properties>
    <property name="java.specification.version" value="19"/>
    <property name="sun.cpu.isalist" value="amd64"/>
    <property name="sun.jnu.encoding" value="Cp1251"/>
    <property name="java.class.path" value="C:\Users\Data\Desktop\Jobs\NIfi-proseccor\nifi-DecryptionBinaryFiles-processors\target\test-classes;C:\Users\Data\Desktop\Jobs\NIfi-proseccor\nifi-DecryptionBinaryFiles-processors\target\classes;C:\Users\Data\.m2\repository\org\apache\nifi\nifi-api\1.16.0\nifi-api-1.16.0.jar;C:\Users\Data\.m2\repository\org\apache\nifi\nifi-utils\1.16.0\nifi-utils-1.16.0.jar;C:\Users\Data\.m2\repository\jakarta\xml\bind\jakarta.xml.bind-api\2.3.3\jakarta.xml.bind-api-2.3.3.jar;C:\Users\Data\.m2\repository\jakarta\activation\jakarta.activation-api\1.2.2\jakarta.activation-api-1.2.2.jar;C:\Users\Data\.m2\repository\org\glassfish\jaxb\jaxb-runtime\2.3.5\jaxb-runtime-2.3.5.jar;C:\Users\Data\.m2\repository\org\glassfish\jaxb\txw2\2.3.5\txw2-2.3.5.jar;C:\Users\Data\.m2\repository\com\sun\istack\istack-commons-runtime\3.0.12\istack-commons-runtime-3.0.12.jar;C:\Users\Data\.m2\repository\com\sun\activation\jakarta.activation\1.2.2\jakarta.activation-1.2.2.jar;C:\Users\Data\.m2\repository\org\apache\nifi\nifi-mock\1.16.0\nifi-mock-1.16.0.jar;C:\Users\Data\.m2\repository\org\apache\nifi\nifi-framework-api\1.16.0\nifi-framework-api-1.16.0.jar;C:\Users\Data\.m2\repository\org\apache\nifi\nifi-parameter\1.16.0\nifi-parameter-1.16.0.jar;C:\Users\Data\.m2\repository\org\apache\nifi\nifi-framework-core-api\1.16.0\nifi-framework-core-api-1.16.0.jar;C:\Users\Data\.m2\repository\org\apache\nifi\nifi-framework-nar-utils\1.16.0\nifi-framework-nar-utils-1.16.0.jar;C:\Users\Data\.m2\repository\org\apache\nifi\nifi-runtime-manifest-core\1.16.0\nifi-runtime-manifest-core-1.16.0.jar;C:\Users\Data\.m2\repository\org\apache\nifi\nifi-extension-manifest-parser\1.16.0\nifi-extension-manifest-parser-1.16.0.jar;C:\Users\Data\.m2\repository\org\apache\nifi\nifi-client-dto\1.16.0\nifi-client-dto-1.16.0.jar;C:\Users\Data\.m2\repository\io\swagger\swagger-annotations\1.6.0\swagger-annotations-1.6.0.jar;C:\Users\Data\.m2\repository\org\apache\nifi\c2-protocol-component-api\1.16.0\c2-protocol-component-api-1.16.0.jar;C:\Users\Data\.m2\repository\org\apache\nifi\nifi-site-to-site-client\1.16.0\nifi-site-to-site-client-1.16.0.jar;C:\Users\Data\.m2\repository\org\apache\nifi\nifi-security-utils\1.16.0\nifi-security-utils-1.16.0.jar;C:\Users\Data\.m2\repository\org\apache\nifi\nifi-security-utils-api\1.16.0\nifi-security-utils-api-1.16.0.jar;C:\Users\Data\.m2\repository\org\apache\nifi\nifi-security-kms\1.16.0\nifi-security-kms-1.16.0.jar;C:\Users\Data\.m2\repository\org\bouncycastle\bcprov-jdk15on\1.70\bcprov-jdk15on-1.70.jar;C:\Users\Data\.m2\repository\org\bouncycastle\bcpkix-jdk15on\1.70\bcpkix-jdk15on-1.70.jar;C:\Users\Data\.m2\repository\org\bouncycastle\bcutil-jdk15on\1.70\bcutil-jdk15on-1.70.jar;C:\Users\Data\.m2\repository\org\apache\nifi\nifi-properties\1.16.0\nifi-properties-1.16.0.jar;C:\Users\Data\.m2\repository\org\apache\nifi\nifi-property-utils\1.16.0\nifi-property-utils-1.16.0.jar;C:\Users\Data\.m2\repository\at\favre\lib\bcrypt\0.9.0\bcrypt-0.9.0.jar;C:\Users\Data\.m2\repository\at\favre\lib\bytes\1.3.0\bytes-1.3.0.jar;C:\Users\Data\.m2\repository\org\apache\commons\commons-configuration2\2.7\commons-configuration2-2.7.jar;C:\Users\Data\.m2\repository\com\sun\activation\javax.activation\1.2.0\javax.activation-1.2.0.jar;C:\Users\Data\.m2\repository\org\apache\httpcomponents\client5\httpclient5\5.0-beta4\httpclient5-5.0-beta4.jar;C:\Users\Data\.m2\repository\org\apache\httpcomponents\core5\httpcore5\5.0-beta7\httpcore5-5.0-beta7.jar;C:\Users\Data\.m2\repository\org\apache\httpcomponents\core5\httpcore5-h2\5.0-beta7\httpcore5-h2-5.0-beta7.jar;C:\Users\Data\.m2\repository\org\apache\httpcomponents\httpasyncclient\4.1.4\httpasyncclient-4.1.4.jar;C:\Users\Data\.m2\repository\org\apache\httpcomponents\httpcore\4.4.15\httpcore-4.4.15.jar;C:\Users\Data\.m2\repository\org\apache\httpcomponents\httpcore-nio\4.4.10\httpcore-nio-4.4.10.jar;C:\Users\Data\.m2\repository\org\apache\httpcomponents\httpclient\4.5.13\httpclient-4.5.13.jar;C:\Users\Data\.m2\repository\org\apache\commons\commons-lang3\3.12.0\commons-lang3-3.12.0.jar;C:\Users\Data\.m2\repository\org\apache\nifi\nifi-framework-authorization\1.16.0\nifi-framework-authorization-1.16.0.jar;C:\Users\Data\.m2\repository\org\apache\nifi\registry\nifi-registry-data-model\1.16.0\nifi-registry-data-model-1.16.0.jar;C:\Users\Data\.m2\repository\javax\validation\validation-api\2.0.1.Final\validation-api-2.0.1.Final.jar;C:\Users\Data\.m2\repository\javax\ws\rs\javax.ws.rs-api\2.1\javax.ws.rs-api-2.1.jar;C:\Users\Data\.m2\repository\org\apache\nifi\registry\nifi-registry-revision-entity-model\1.16.0\nifi-registry-revision-entity-model-1.16.0.jar;C:\Users\Data\.m2\repository\org\apache\nifi\nifi-extension-manifest-model\1.16.0\nifi-extension-manifest-model-1.16.0.jar;C:\Users\Data\.m2\repository\org\apache\nifi\registry\nifi-registry-client\1.16.0\nifi-registry-client-1.16.0.jar;C:\Users\Data\.m2\repository\org\apache\nifi\registry\nifi-registry-security-utils\1.16.0\nifi-registry-security-utils-1.16.0.jar;C:\Users\Data\.m2\repository\org\glassfish\jersey\core\jersey-client\2.35\jersey-client-2.35.jar;C:\Users\Data\.m2\repository\jakarta\ws\rs\jakarta.ws.rs-api\2.1.6\jakarta.ws.rs-api-2.1.6.jar;C:\Users\Data\.m2\repository\org\glassfish\hk2\external\jakarta.inject\2.6.1\jakarta.inject-2.6.1.jar;C:\Users\Data\.m2\repository\org\glassfish\jersey\media\jersey-media-json-jackson\2.35\jersey-media-json-jackson-2.35.jar;C:\Users\Data\.m2\repository\org\glassfish\jersey\ext\jersey-entity-filtering\2.35\jersey-entity-filtering-2.35.jar;C:\Users\Data\.m2\repository\com\fasterxml\jackson\module\jackson-module-jaxb-annotations\2.12.2\jackson-module-jaxb-annotations-2.12.2.jar;C:\Users\Data\.m2\repository\org\glassfish\jersey\inject\jersey-hk2\2.35\jersey-hk2-2.35.jar;C:\Users\Data\.m2\repository\org\glassfish\hk2\hk2-locator\2.6.1\hk2-locator-2.6.1.jar;C:\Users\Data\.m2\repository\org\glassfish\hk2\external\aopalliance-repackaged\2.6.1\aopalliance-repackaged-2.6.1.jar;C:\Users\Data\.m2\repository\org\glassfish\hk2\hk2-api\2.6.1\hk2-api-2.6.1.jar;C:\Users\Data\.m2\repository\org\glassfish\hk2\hk2-utils\2.6.1\hk2-utils-2.6.1.jar;C:\Users\Data\.m2\repository\org\javassist\javassist\3.25.0-GA\javassist-3.25.0-GA.jar;C:\Users\Data\.m2\repository\org\glassfish\jersey\core\jersey-common\2.35\jersey-common-2.35.jar;C:\Users\Data\.m2\repository\jakarta\annotation\jakarta.annotation-api\1.3.5\jakarta.annotation-api-1.3.5.jar;C:\Users\Data\.m2\repository\org\glassfish\hk2\osgi-resource-locator\1.0.3\osgi-resource-locator-1.0.3.jar;C:\Users\Data\.m2\repository\org\glassfish\jersey\media\jersey-media-multipart\2.35\jersey-media-multipart-2.35.jar;C:\Users\Data\.m2\repository\org\jvnet\mimepull\mimepull\1.9.13\mimepull-1.9.13.jar;C:\Users\Data\.m2\repository\org\apache\nifi\nifi-expression-language\1.16.0\nifi-expression-language-1.16.0.jar;C:\Users\Data\.m2\repository\org\antlr\antlr-runtime\3.5.2\antlr-runtime-3.5.2.jar;C:\Users\Data\.m2\repository\org\apache\nifi\nifi-uuid5\1.16.0\nifi-uuid5-1.16.0.jar;C:\Users\Data\.m2\repository\com\jayway\jsonpath\json-path\2.6.0\json-path-2.6.0.jar;C:\Users\Data\.m2\repository\net\minidev\json-smart\2.4.7\json-smart-2.4.7.jar;C:\Users\Data\.m2\repository\net\minidev\accessors-smart\2.4.7\accessors-smart-2.4.7.jar;C:\Users\Data\.m2\repository\org\ow2\asm\asm\9.1\asm-9.1.jar;C:\Users\Data\.m2\repository\com\fasterxml\jackson\core\jackson-databind\2.13.1\jackson-databind-2.13.1.jar;C:\Users\Data\.m2\repository\com\fasterxml\jackson\core\jackson-annotations\2.13.1\jackson-annotations-2.13.1.jar;C:\Users\Data\.m2\repository\com\fasterxml\jackson\core\jackson-core\2.13.1\jackson-core-2.13.1.jar;C:\Users\Data\.m2\repository\org\apache\commons\commons-text\1.8\commons-text-1.8.jar;C:\Users\Data\.m2\repository\commons-codec\commons-codec\1.15\commons-codec-1.15.jar;C:\Users\Data\.m2\repository\org\apache\nifi\nifi-data-provenance-utils\1.16.0\nifi-data-provenance-utils-1.16.0.jar;C:\Users\Data\.m2\repository\org\slf4j\slf4j-simple\1.7.36\slf4j-simple-1.7.36.jar;C:\Users\Data\.m2\repository\org\slf4j\slf4j-api\1.7.36\slf4j-api-1.7.36.jar;C:\Users\Data\.m2\repository\junit\junit\4.13.2\junit-4.13.2.jar;C:\Users\Data\.m2\repository\org\hamcrest\hamcrest-core\1.3\hamcrest-core-1.3.jar;C:\Users\Data\.m2\repository\org\junit\jupiter\junit-jupiter-api\5.8.2\junit-jupiter-api-5.8.2.jar;C:\Users\Data\.m2\repository\org\opentest4j\opentest4j\1.2.0\opentest4j-1.2.0.jar;C:\Users\Data\.m2\repository\org\junit\platform\junit-platform-commons\1.8.2\junit-platform-commons-1.8.2.jar;C:\Users\Data\.m2\repository\org\apiguardian\apiguardian-api\1.1.2\apiguardian-api-1.1.2.jar;C:\Users\Data\.m2\repository\org\junit\jupiter\junit-jupiter-engine\5.8.2\junit-jupiter-engine-5.8.2.jar;C:\Users\Data\.m2\repository\org\junit\platform\junit-platform-engine\1.8.2\junit-platform-engine-1.8.2.jar;C:\Users\Data\.m2\repository\org\junit\vintage\junit-vintage-engine\5.8.2\junit-vintage-engine-5.8.2.jar;C:\Users\Data\.m2\repository\org\junit\jupiter\junit-jupiter-params\5.8.2\junit-jupiter-params-5.8.2.jar;C:\Users\Data\.m2\repository\org\mockito\mockito-core\3.11.2\mockito-core-3.11.2.jar;C:\Users\Data\.m2\repository\net\bytebuddy\byte-buddy\1.11.3\byte-buddy-1.11.3.jar;C:\Users\Data\.m2\repository\net\bytebuddy\byte-buddy-agent\1.11.3\byte-buddy-agent-1.11.3.jar;C:\Users\Data\.m2\repository\org\objenesis\objenesis\3.2\objenesis-3.2.jar;C:\Users\Data\.m2\repository\org\mockito\mockito-junit-jupiter\3.11.2\mockito-junit-jupiter-3.11.2.jar;C:\Users\Data\.m2\repository\org\codehaus\groovy\groovy-test\3.0.8\groovy-test-3.0.8.jar;C:\Users\Data\.m2\repository\org\codehaus\groovy\groovy\3.0.8\groovy-3.0.8.jar;"/>
    <property name="java.vm.vendor" value="Oracle Corporation"/>
    <property name="sun.arch.data.model" value="64"/>
    <property name="user.variant" value=""/>
    <property name="java.vendor.url" value="https://java.oracle.com/"/>
    <property name="user.timezone" value="GMT+03:00"/>
    <property name="os.name" value="Windows 10"/>
    <property name="java.vm.specification.version" value="19"/>
    <property name="user.country" value="RU"/>
    <property name="sun.java.launcher" value="SUN_STANDARD"/>
    <property name="sun.boot.library.path" value="C:\Program Files\Java\jdk-19\bin"/>
    <property name="sun.java.command" value="C:\Users\Data\AppData\Local\Temp\surefire8888638167094572670\surefirebooter774864516865607312.jar C:\Users\Data\AppData\Local\Temp\surefire8888638167094572670 2024-03-20T10-24-17_007-jvmRun1 surefire13026985534981351040tmp surefire_01326103199375948931tmp"/>
    <property name="jdk.debug" value="release"/>
    <property name="surefire.test.class.path" value="C:\Users\Data\Desktop\Jobs\NIfi-proseccor\nifi-DecryptionBinaryFiles-processors\target\test-classes;C:\Users\Data\Desktop\Jobs\NIfi-proseccor\nifi-DecryptionBinaryFiles-processors\target\classes;C:\Users\Data\.m2\repository\org\apache\nifi\nifi-api\1.16.0\nifi-api-1.16.0.jar;C:\Users\Data\.m2\repository\org\apache\nifi\nifi-utils\1.16.0\nifi-utils-1.16.0.jar;C:\Users\Data\.m2\repository\jakarta\xml\bind\jakarta.xml.bind-api\2.3.3\jakarta.xml.bind-api-2.3.3.jar;C:\Users\Data\.m2\repository\jakarta\activation\jakarta.activation-api\1.2.2\jakarta.activation-api-1.2.2.jar;C:\Users\Data\.m2\repository\org\glassfish\jaxb\jaxb-runtime\2.3.5\jaxb-runtime-2.3.5.jar;C:\Users\Data\.m2\repository\org\glassfish\jaxb\txw2\2.3.5\txw2-2.3.5.jar;C:\Users\Data\.m2\repository\com\sun\istack\istack-commons-runtime\3.0.12\istack-commons-runtime-3.0.12.jar;C:\Users\Data\.m2\repository\com\sun\activation\jakarta.activation\1.2.2\jakarta.activation-1.2.2.jar;C:\Users\Data\.m2\repository\org\apache\nifi\nifi-mock\1.16.0\nifi-mock-1.16.0.jar;C:\Users\Data\.m2\repository\org\apache\nifi\nifi-framework-api\1.16.0\nifi-framework-api-1.16.0.jar;C:\Users\Data\.m2\repository\org\apache\nifi\nifi-parameter\1.16.0\nifi-parameter-1.16.0.jar;C:\Users\Data\.m2\repository\org\apache\nifi\nifi-framework-core-api\1.16.0\nifi-framework-core-api-1.16.0.jar;C:\Users\Data\.m2\repository\org\apache\nifi\nifi-framework-nar-utils\1.16.0\nifi-framework-nar-utils-1.16.0.jar;C:\Users\Data\.m2\repository\org\apache\nifi\nifi-runtime-manifest-core\1.16.0\nifi-runtime-manifest-core-1.16.0.jar;C:\Users\Data\.m2\repository\org\apache\nifi\nifi-extension-manifest-parser\1.16.0\nifi-extension-manifest-parser-1.16.0.jar;C:\Users\Data\.m2\repository\org\apache\nifi\nifi-client-dto\1.16.0\nifi-client-dto-1.16.0.jar;C:\Users\Data\.m2\repository\io\swagger\swagger-annotations\1.6.0\swagger-annotations-1.6.0.jar;C:\Users\Data\.m2\repository\org\apache\nifi\c2-protocol-component-api\1.16.0\c2-protocol-component-api-1.16.0.jar;C:\Users\Data\.m2\repository\org\apache\nifi\nifi-site-to-site-client\1.16.0\nifi-site-to-site-client-1.16.0.jar;C:\Users\Data\.m2\repository\org\apache\nifi\nifi-security-utils\1.16.0\nifi-security-utils-1.16.0.jar;C:\Users\Data\.m2\repository\org\apache\nifi\nifi-security-utils-api\1.16.0\nifi-security-utils-api-1.16.0.jar;C:\Users\Data\.m2\repository\org\apache\nifi\nifi-security-kms\1.16.0\nifi-security-kms-1.16.0.jar;C:\Users\Data\.m2\repository\org\bouncycastle\bcprov-jdk15on\1.70\bcprov-jdk15on-1.70.jar;C:\Users\Data\.m2\repository\org\bouncycastle\bcpkix-jdk15on\1.70\bcpkix-jdk15on-1.70.jar;C:\Users\Data\.m2\repository\org\bouncycastle\bcutil-jdk15on\1.70\bcutil-jdk15on-1.70.jar;C:\Users\Data\.m2\repository\org\apache\nifi\nifi-properties\1.16.0\nifi-properties-1.16.0.jar;C:\Users\Data\.m2\repository\org\apache\nifi\nifi-property-utils\1.16.0\nifi-property-utils-1.16.0.jar;C:\Users\Data\.m2\repository\at\favre\lib\bcrypt\0.9.0\bcrypt-0.9.0.jar;C:\Users\Data\.m2\repository\at\favre\lib\bytes\1.3.0\bytes-1.3.0.jar;C:\Users\Data\.m2\repository\org\apache\commons\commons-configuration2\2.7\commons-configuration2-2.7.jar;C:\Users\Data\.m2\repository\com\sun\activation\javax.activation\1.2.0\javax.activation-1.2.0.jar;C:\Users\Data\.m2\repository\org\apache\httpcomponents\client5\httpclient5\5.0-beta4\httpclient5-5.0-beta4.jar;C:\Users\Data\.m2\repository\org\apache\httpcomponents\core5\httpcore5\5.0-beta7\httpcore5-5.0-beta7.jar;C:\Users\Data\.m2\repository\org\apache\httpcomponents\core5\httpcore5-h2\5.0-beta7\httpcore5-h2-5.0-beta7.jar;C:\Users\Data\.m2\repository\org\apache\httpcomponents\httpasyncclient\4.1.4\httpasyncclient-4.1.4.jar;C:\Users\Data\.m2\repository\org\apache\httpcomponents\httpcore\4.4.15\httpcore-4.4.15.jar;C:\Users\Data\.m2\repository\org\apache\httpcomponents\httpcore-nio\4.4.10\httpcore-nio-4.4.10.jar;C:\Users\Data\.m2\repository\org\apache\httpcomponents\httpclient\4.5.13\httpclient-4.5.13.jar;C:\Users\Data\.m2\repository\org\apache\commons\commons-lang3\3.12.0\commons-lang3-3.12.0.jar;C:\Users\Data\.m2\repository\org\apache\nifi\nifi-framework-authorization\1.16.0\nifi-framework-authorization-1.16.0.jar;C:\Users\Data\.m2\repository\org\apache\nifi\registry\nifi-registry-data-model\1.16.0\nifi-registry-data-model-1.16.0.jar;C:\Users\Data\.m2\repository\javax\validation\validation-api\2.0.1.Final\validation-api-2.0.1.Final.jar;C:\Users\Data\.m2\repository\javax\ws\rs\javax.ws.rs-api\2.1\javax.ws.rs-api-2.1.jar;C:\Users\Data\.m2\repository\org\apache\nifi\registry\nifi-registry-revision-entity-model\1.16.0\nifi-registry-revision-entity-model-1.16.0.jar;C:\Users\Data\.m2\repository\org\apache\nifi\nifi-extension-manifest-model\1.16.0\nifi-extension-manifest-model-1.16.0.jar;C:\Users\Data\.m2\repository\org\apache\nifi\registry\nifi-registry-client\1.16.0\nifi-registry-client-1.16.0.jar;C:\Users\Data\.m2\repository\org\apache\nifi\registry\nifi-registry-security-utils\1.16.0\nifi-registry-security-utils-1.16.0.jar;C:\Users\Data\.m2\repository\org\glassfish\jersey\core\jersey-client\2.35\jersey-client-2.35.jar;C:\Users\Data\.m2\repository\jakarta\ws\rs\jakarta.ws.rs-api\2.1.6\jakarta.ws.rs-api-2.1.6.jar;C:\Users\Data\.m2\repository\org\glassfish\hk2\external\jakarta.inject\2.6.1\jakarta.inject-2.6.1.jar;C:\Users\Data\.m2\repository\org\glassfish\jersey\media\jersey-media-json-jackson\2.35\jersey-media-json-jackson-2.35.jar;C:\Users\Data\.m2\repository\org\glassfish\jersey\ext\jersey-entity-filtering\2.35\jersey-entity-filtering-2.35.jar;C:\Users\Data\.m2\repository\com\fasterxml\jackson\module\jackson-module-jaxb-annotations\2.12.2\jackson-module-jaxb-annotations-2.12.2.jar;C:\Users\Data\.m2\repository\org\glassfish\jersey\inject\jersey-hk2\2.35\jersey-hk2-2.35.jar;C:\Users\Data\.m2\repository\org\glassfish\hk2\hk2-locator\2.6.1\hk2-locator-2.6.1.jar;C:\Users\Data\.m2\repository\org\glassfish\hk2\external\aopalliance-repackaged\2.6.1\aopalliance-repackaged-2.6.1.jar;C:\Users\Data\.m2\repository\org\glassfish\hk2\hk2-api\2.6.1\hk2-api-2.6.1.jar;C:\Users\Data\.m2\repository\org\glassfish\hk2\hk2-utils\2.6.1\hk2-utils-2.6.1.jar;C:\Users\Data\.m2\repository\org\javassist\javassist\3.25.0-GA\javassist-3.25.0-GA.jar;C:\Users\Data\.m2\repository\org\glassfish\jersey\core\jersey-common\2.35\jersey-common-2.35.jar;C:\Users\Data\.m2\repository\jakarta\annotation\jakarta.annotation-api\1.3.5\jakarta.annotation-api-1.3.5.jar;C:\Users\Data\.m2\repository\org\glassfish\hk2\osgi-resource-locator\1.0.3\osgi-resource-locator-1.0.3.jar;C:\Users\Data\.m2\repository\org\glassfish\jersey\media\jersey-media-multipart\2.35\jersey-media-multipart-2.35.jar;C:\Users\Data\.m2\repository\org\jvnet\mimepull\mimepull\1.9.13\mimepull-1.9.13.jar;C:\Users\Data\.m2\repository\org\apache\nifi\nifi-expression-language\1.16.0\nifi-expression-language-1.16.0.jar;C:\Users\Data\.m2\repository\org\antlr\antlr-runtime\3.5.2\antlr-runtime-3.5.2.jar;C:\Users\Data\.m2\repository\org\apache\nifi\nifi-uuid5\1.16.0\nifi-uuid5-1.16.0.jar;C:\Users\Data\.m2\repository\com\jayway\jsonpath\json-path\2.6.0\json-path-2.6.0.jar;C:\Users\Data\.m2\repository\net\minidev\json-smart\2.4.7\json-smart-2.4.7.jar;C:\Users\Data\.m2\repository\net\minidev\accessors-smart\2.4.7\accessors-smart-2.4.7.jar;C:\Users\Data\.m2\repository\org\ow2\asm\asm\9.1\asm-9.1.jar;C:\Users\Data\.m2\repository\com\fasterxml\jackson\core\jackson-databind\2.13.1\jackson-databind-2.13.1.jar;C:\Users\Data\.m2\repository\com\fasterxml\jackson\core\jackson-annotations\2.13.1\jackson-annotations-2.13.1.jar;C:\Users\Data\.m2\repository\com\fasterxml\jackson\core\jackson-core\2.13.1\jackson-core-2.13.1.jar;C:\Users\Data\.m2\repository\org\apache\commons\commons-text\1.8\commons-text-1.8.jar;C:\Users\Data\.m2\repository\commons-codec\commons-codec\1.15\commons-codec-1.15.jar;C:\Users\Data\.m2\repository\org\apache\nifi\nifi-data-provenance-utils\1.16.0\nifi-data-provenance-utils-1.16.0.jar;C:\Users\Data\.m2\repository\org\slf4j\slf4j-simple\1.7.36\slf4j-simple-1.7.36.jar;C:\Users\Data\.m2\repository\org\slf4j\slf4j-api\1.7.36\slf4j-api-1.7.36.jar;C:\Users\Data\.m2\repository\junit\junit\4.13.2\junit-4.13.2.jar;C:\Users\Data\.m2\repository\org\hamcrest\hamcrest-core\1.3\hamcrest-core-1.3.jar;C:\Users\Data\.m2\repository\org\junit\jupiter\junit-jupiter-api\5.8.2\junit-jupiter-api-5.8.2.jar;C:\Users\Data\.m2\repository\org\opentest4j\opentest4j\1.2.0\opentest4j-1.2.0.jar;C:\Users\Data\.m2\repository\org\junit\platform\junit-platform-commons\1.8.2\junit-platform-commons-1.8.2.jar;C:\Users\Data\.m2\repository\org\apiguardian\apiguardian-api\1.1.2\apiguardian-api-1.1.2.jar;C:\Users\Data\.m2\repository\org\junit\jupiter\junit-jupiter-engine\5.8.2\junit-jupiter-engine-5.8.2.jar;C:\Users\Data\.m2\repository\org\junit\platform\junit-platform-engine\1.8.2\junit-platform-engine-1.8.2.jar;C:\Users\Data\.m2\repository\org\junit\vintage\junit-vintage-engine\5.8.2\junit-vintage-engine-5.8.2.jar;C:\Users\Data\.m2\repository\org\junit\jupiter\junit-jupiter-params\5.8.2\junit-jupiter-params-5.8.2.jar;C:\Users\Data\.m2\repository\org\mockito\mockito-core\3.11.2\mockito-core-3.11.2.jar;C:\Users\Data\.m2\repository\net\bytebuddy\byte-buddy\1.11.3\byte-buddy-1.11.3.jar;C:\Users\Data\.m2\repository\net\bytebuddy\byte-buddy-agent\1.11.3\byte-buddy-agent-1.11.3.jar;C:\Users\Data\.m2\repository\org\objenesis\objenesis\3.2\objenesis-3.2.jar;C:\Users\Data\.m2\repository\org\mockito\mockito-junit-jupiter\3.11.2\mockito-junit-jupiter-3.11.2.jar;C:\Users\Data\.m2\repository\org\codehaus\groovy\groovy-test\3.0.8\groovy-test-3.0.8.jar;C:\Users\Data\.m2\repository\org\codehaus\groovy\groovy\3.0.8\groovy-3.0.8.jar;"/>
    <property name="sun.cpu.endian" value="little"/>
    <property name="user.home" value="C:\Users\Data"/>
    <property name="user.language" value="ru"/>
    <property name="java.specification.vendor" value="Oracle Corporation"/>
    <property name="java.version.date" value="2023-01-17"/>
    <property name="java.home" value="C:\Program Files\Java\jdk-19"/>
    <property name="file.separator" value="\"/>
    <property name="basedir" value="C:\Users\Data\Desktop\Jobs\NIfi-proseccor\nifi-DecryptionBinaryFiles-processors"/>
    <property name="java.vm.compressedOopsMode" value="32-bit"/>
    <property name="line.separator" value="&#10;"/>
    <property name="java.vm.specification.vendor" value="Oracle Corporation"/>
    <property name="java.specification.name" value="Java Platform API Specification"/>
    <property name="java.awt.headless" value="true"/>
    <property name="surefire.real.class.path" value="C:\Users\Data\AppData\Local\Temp\surefire8888638167094572670\surefirebooter774864516865607312.jar"/>
    <property name="user.script" value=""/>
    <property name="sun.management.compiler" value="HotSpot 64-Bit Tiered Compilers"/>
    <property name="java.runtime.version" value="19.0.2+7-44"/>
    <property name="java.net.preferIPv4Stack" value="true"/>
    <property name="user.name" value="Data"/>
    <property name="stdout.encoding" value="Cp1251"/>
    <property name="path.separator" value=";"/>
    <property name="os.version" value="10.0"/>
    <property name="java.runtime.name" value="Java(TM) SE Runtime Environment"/>
    <property name="file.encoding" value="UTF-8"/>
    <property name="java.vm.name" value="Java HotSpot(TM) 64-Bit Server VM"/>
    <property name="localRepository" value="C:\Users\Data\.m2\repository"/>
    <property name="java.vendor.url.bug" value="https://bugreport.java.com/bugreport/"/>
    <property name="java.io.tmpdir" value="C:\Users\Data\AppData\Local\Temp\"/>
    <property name="idea.version" value="2023.3.4"/>
    <property name="java.version" value="19.0.2"/>
    <property name="user.dir" value="C:\Users\Data\Desktop\Jobs\NIfi-proseccor\nifi-DecryptionBinaryFiles-processors"/>
    <property name="os.arch" value="amd64"/>
    <property name="java.vm.specification.name" value="Java Virtual Machine Specification"/>
    <property name="sun.os.patch.level" value=""/>
    <property name="native.encoding" value="Cp1251"/>
    <property name="java.library.path" value="C:\Program Files\Java\jdk-19\bin;C:\WINDOWS\Sun\Java\bin;C:\WINDOWS\system32;C:\WINDOWS;C:\Program Files\Common Files\Oracle\Java\javapath;C:\Program Files\Microsoft\jdk-11.0.12.7-hotspot\bin;C:\Program Files (x86)\Common Files\Intel\Shared Libraries\redist\intel64\compiler;C:\WINDOWS\system32;C:\WINDOWS;C:\WINDOWS\System32\Wbem;C:\WINDOWS\System32\WindowsPowerShell\v1.0\;C:\WINDOWS\System32\OpenSSH\;C:\Program Files\Git\cmd;C:\Program Files\dotnet\;C:\Program Files (x86)\NoteBook FanControl\;C:\Program Files\Microsoft SQL Server\Client SDK\ODBC\170\Tools\Binn\;C:\Program Files\Microsoft SQL Server\150\Tools\Binn\;C:\WINDOWS\system32;C:\WINDOWS;C:\WINDOWS\System32\Wbem;C:\WINDOWS\System32\WindowsPowerShell\v1.0\;C:\WINDOWS\System32\OpenSSH\;C:\Program Files\apache-maven-3.8.8\bin;C:\Program Files\nodejs\;C:\Users\Data\AppData\Local\Programs\Python\Python311\Scripts\;C:\Users\Data\AppData\Local\Programs\Python\Python311\;C:\Users\Data\AppData\Local\Microsoft\WindowsApps;C:\Users\Data\AppData\Local\Programs\Microsoft VS Code\bin;C:\Users\Data\.dotnet\tools;E:\PyCharm Community Edition 2022.3.1\bin;;C:\Program Files\apache-maven-3.8.8\bin;C:\Users\Data\AppData\Roaming\npm;."/>
    <property name="java.vm.info" value="mixed mode, sharing"/>
    <property name="stderr.encoding" value="Cp1251"/>
    <property name="java.vendor" value="Oracle Corporation"/>
    <property name="java.vm.version" value="19.0.2+7-44"/>
    <property name="sun.io.unicode.encoding" value="UnicodeLittle"/>
    <property name="enforcer.skip" value="true"/>
    <property name="java.class.version" value="63.0"/>
  </properties>
  <testcase name="testProcessor" classname="com.futurexskills.custom.processors.DecryptionBinaryFiles.DecryptionBinaryFilesTest" time="0.433"/>
</testsuite>